<?xml version="1.0" encoding="UTF-8"?>
<!-- Generated by org.testng.reporters.JUnitReportReporter -->
<testsuite skipped="0" hostname="Hp-255G2" name="d07_02_2022Tests.KatalonTest" tests="1" failures="0" timestamp="2022-02-09T21:04:58 CET" time="17.333" errors="0">
  <testcase name="AddRemoveProductsCart" time="17.333" classname="d07_02_2022Tests.KatalonTest"/>
  <system-out/>
</testsuite> <!-- d07_02_2022Tests.KatalonTest -->
