<?xml version="1.0" encoding="UTF-8"?>
<!-- Generated by org.testng.reporters.JUnitReportReporter -->
<testsuite skipped="0" hostname="Hp-255G2" name="d08_02_2022Tests.FormTest" tests="1" failures="0" timestamp="2022-02-10T01:34:06 CET" time="61.854" errors="0">
  <testcase name="FillTheForm" time="61.854" classname="d08_02_2022Tests.FormTest"/>
  <system-out/>
</testsuite> <!-- d08_02_2022Tests.FormTest -->
