<?xml version="1.0" encoding="UTF-8"?>
<!-- Generated by org.testng.reporters.JUnitReportReporter -->
<testsuite skipped="0" hostname="Hp-255G2" name="d04_02_2022.KupujemProdajem" tests="1" failures="0" timestamp="2022-02-06T23:41:08 CET" time="46.408" errors="0">
  <testcase name="sortiranje" time="46.408" classname="d04_02_2022.KupujemProdajem"/>
  <system-out/>
</testsuite> <!-- d04_02_2022.KupujemProdajem -->
